# JRE version: Java(TM) SE Runtime Environment (8.0_131-b11) (build 1.8.0_131-b11)
# Java VM: Java HotSpot(TM) 64-Bit Server VM (25.131-b11 mixed mode bsd-amd64 compressed oops)
Heap:
 PSYoungGen      total 77312K, used 2380K [0x000000076ab00000, 0x0000000772900000, 0x00000007c0000000)
  eden space 49152K, 4% used [0x000000076ab00000,0x000000076ad533b8,0x000000076db00000)
  from space 28160K, 0% used [0x000000076fe80000,0x000000076fe80000,0x0000000771a00000)
  to   space 36352K, 0% used [0x000000076db00000,0x000000076db00000,0x000000076fe80000)
 ParOldGen       total 123904K, used 40704K [0x00000006c0000000, 0x00000006c7900000, 0x000000076ab00000)
  object space 123904K, 32% used [0x00000006c0000000,0x00000006c27c0140,0x00000006c7900000)
 Metaspace       used 25618K, capacity 25992K, committed 26288K, reserved 1073152K
  class space    used 3001K, capacity 3107K, committed 3248K, reserved 1048576K
GC Heap History (10 events):
Event: 2369.277 GC heap before
{Heap before GC invocations=10 (full 1):
 PSYoungGen      total 80896K, used 78729K [0x000000076ab00000, 0x0000000771100000, 0x00000007c0000000)
  eden space 60416K, 100% used [0x000000076ab00000,0x000000076e600000,0x000000076e600000)
  from space 20480K, 89% used [0x000000076fd00000,0x0000000770ee25d8,0x0000000771100000)
  to   space 22016K, 0% used [0x000000076e600000,0x000000076e600000,0x000000076fb80000)
 ParOldGen       total 81408K, used 47766K [0x00000006c0000000, 0x00000006c4f80000, 0x000000076ab00000)
  object space 81408K, 58% used [0x00000006c0000000,0x00000006c2ea5bc0,0x00000006c4f80000)
 Metaspace       used 24473K, capacity 24932K, committed 25136K, reserved 1071104K
  class space    used 2883K, capacity 3019K, committed 3120K, reserved 1048576K
Event: 2369.288 GC heap after
Heap after GC invocations=10 (full 1):
 PSYoungGen      total 79872K, used 20027K [0x000000076ab00000, 0x0000000771000000, 0x00000007c0000000)
  eden space 59392K, 0% used [0x000000076ab00000,0x000000076ab00000,0x000000076e500000)
  from space 20480K, 97% used [0x000000076e600000,0x000000076f98eef8,0x000000076fa00000)
  to   space 22016K, 0% used [0x000000076fa80000,0x000000076fa80000,0x0000000771000000)
 ParOldGen       total 81408K, used 47774K [0x00000006c0000000, 0x00000006c4f80000, 0x000000076ab00000)
  object space 81408K, 58% used [0x00000006c0000000,0x00000006c2ea7bc0,0x00000006c4f80000)
 Metaspace       used 24473K, capacity 24932K, committed 25136K, reserved 1071104K
  class space    used 2883K, capacity 3019K, committed 3120K, reserved 1048576K
}
Event: 11397.107 GC heap before
{Heap before GC invocations=11 (full 1):
 PSYoungGen      total 79872K, used 78500K [0x000000076ab00000, 0x0000000771000000, 0x00000007c0000000)
  eden space 59392K, 98% used [0x000000076ab00000,0x000000076e41a318,0x000000076e500000)
  from space 20480K, 97% used [0x000000076e600000,0x000000076f98eef8,0x000000076fa00000)
  to   space 22016K, 0% used [0x000000076fa80000,0x000000076fa80000,0x0000000771000000)
 ParOldGen       total 81408K, used 47774K [0x00000006c0000000, 0x00000006c4f80000, 0x000000076ab00000)
  object space 81408K, 58% used [0x00000006c0000000,0x00000006c2ea7bc0,0x00000006c4f80000)
 Metaspace       used 25138K, capacity 25592K, committed 25648K, reserved 1071104K
  class space    used 2961K, capacity 3089K, committed 3120K, reserved 1048576K
Event: 11397.160 GC heap after
Heap after GC invocations=11 (full 1):
 PSYoungGen      total 80384K, used 14241K [0x000000076ab00000, 0x0000000771000000, 0x00000007c0000000)
  eden space 58368K, 0% used [0x000000076ab00000,0x000000076ab00000,0x000000076e400000)
  from space 22016K, 64% used [0x000000076fa80000,0x0000000770868630,0x0000000771000000)
  to   space 22528K, 0% used [0x000000076e400000,0x000000076e400000,0x000000076fa00000)
 ParOldGen       total 81408K, used 47782K [0x00000006c0000000, 0x00000006c4f80000, 0x000000076ab00000)
  object space 81408K, 58% used [0x00000006c0000000,0x00000006c2ea9bc0,0x00000006c4f80000)
 Metaspace       used 25138K, capacity 25592K, committed 25648K, reserved 1071104K
  class space    used 2961K, capacity 3089K, committed 3120K, reserved 1048576K
}
Event: 13537.800 GC heap before
{Heap before GC invocations=12 (full 1):
 PSYoungGen      total 80384K, used 72606K [0x000000076ab00000, 0x0000000771000000, 0x00000007c0000000)
  eden space 58368K, 99% used [0x000000076ab00000,0x000000076e3ff598,0x000000076e400000)
  from space 22016K, 64% used [0x000000076fa80000,0x0000000770868630,0x0000000771000000)
  to   space 22528K, 0% used [0x000000076e400000,0x000000076e400000,0x000000076fa00000)
 ParOldGen       total 81408K, used 47782K [0x00000006c0000000, 0x00000006c4f80000, 0x000000076ab00000)
  object space 81408K, 58% used [0x00000006c0000000,0x00000006c2ea9bc0,0x00000006c4f80000)
 Metaspace       used 25522K, capacity 26042K, committed 26288K, reserved 1073152K
  class space    used 3005K, capacity 3130K, committed 3248K, reserved 1048576K
Event: 13537.856 GC heap after
Heap after GC invocations=12 (full 1):
 PSYoungGen      total 79872K, used 22511K [0x000000076ab00000, 0x0000000771a00000, 0x00000007c0000000)
  eden space 57344K, 0% used [0x000000076ab00000,0x000000076ab00000,0x000000076e300000)
  from space 22528K, 99% used [0x000000076e400000,0x000000076f9fbdf0,0x000000076fa00000)
  to   space 28160K, 0% used [0x000000076fe80000,0x000000076fe80000,0x0000000771a00000)
 ParOldGen       total 81408K, used 58986K [0x00000006c0000000, 0x00000006c4f80000, 0x000000076ab00000)
  object space 81408K, 72% used [0x00000006c0000000,0x00000006c399a940,0x00000006c4f80000)
 Metaspace       used 25522K, capacity 26042K, committed 26288K, reserved 1073152K
  class space    used 3005K, capacity 3130K, committed 3248K, reserved 1048576K
}
Event: 37837.469 GC heap before
{Heap before GC invocations=13 (full 1):
 PSYoungGen      total 79872K, used 78681K [0x000000076ab00000, 0x0000000771a00000, 0x00000007c0000000)
  eden space 57344K, 97% used [0x000000076ab00000,0x000000076e1da978,0x000000076e300000)
  from space 22528K, 99% used [0x000000076e400000,0x000000076f9fbdf0,0x000000076fa00000)
  to   space 28160K, 0% used [0x000000076fe80000,0x000000076fe80000,0x0000000771a00000)
 ParOldGen       total 81408K, used 58986K [0x00000006c0000000, 0x00000006c4f80000, 0x000000076ab00000)
  object space 81408K, 72% used [0x00000006c0000000,0x00000006c399a940,0x00000006c4f80000)
 Metaspace       used 25695K, capacity 26106K, committed 26288K, reserved 1073152K
  class space    used 3014K, capacity 3130K, committed 3248K, reserved 1048576K
Event: 37837.613 GC heap after
Heap after GC invocations=13 (full 1):
 PSYoungGen      total 77312K, used 28154K [0x000000076ab00000, 0x0000000772900000, 0x00000007c0000000)
  eden space 49152K, 0% used [0x000000076ab00000,0x000000076ab00000,0x000000076db00000)
  from space 28160K, 99% used [0x000000076fe80000,0x00000007719feb78,0x0000000771a00000)
  to   space 36352K, 0% used [0x000000076db00000,0x000000076db00000,0x000000076fe80000)
 ParOldGen       total 81408K, used 75687K [0x00000006c0000000, 0x00000006c4f80000, 0x000000076ab00000)
  object space 81408K, 92% used [0x00000006c0000000,0x00000006c49e9d50,0x00000006c4f80000)
 Metaspace       used 25695K, capacity 26106K, committed 26288K, reserved 1073152K
  class space    used 3014K, capacity 3130K, committed 3248K, reserved 1048576K
}
Event: 37837.613 GC heap before
{Heap before GC invocations=14 (full 2):
 PSYoungGen      total 77312K, used 28154K [0x000000076ab00000, 0x0000000772900000, 0x00000007c0000000)
  eden space 49152K, 0% used [0x000000076ab00000,0x000000076ab00000,0x000000076db00000)
  from space 28160K, 99% used [0x000000076fe80000,0x00000007719feb78,0x0000000771a00000)
  to   space 36352K, 0% used [0x000000076db00000,0x000000076db00000,0x000000076fe80000)
 ParOldGen       total 81408K, used 75687K [0x00000006c0000000, 0x00000006c4f80000, 0x000000076ab00000)
  object space 81408K, 92% used [0x00000006c0000000,0x00000006c49e9d50,0x00000006c4f80000)
 Metaspace       used 25695K, capacity 26106K, committed 26288K, reserved 1073152K
  class space    used 3014K, capacity 3130K, committed 3248K, reserved 1048576K
Event: 37837.840 GC heap after
Heap after GC invocations=14 (full 2):
 PSYoungGen      total 77312K, used 0K [0x000000076ab00000, 0x0000000772900000, 0x00000007c0000000)
  eden space 49152K, 0% used [0x000000076ab00000,0x000000076ab00000,0x000000076db00000)
  from space 28160K, 0% used [0x000000076fe80000,0x000000076fe80000,0x0000000771a00000)
  to   space 36352K, 0% used [0x000000076db00000,0x000000076db00000,0x000000076fe80000)
 ParOldGen       total 123904K, used 40704K [0x00000006c0000000, 0x00000006c7900000, 0x000000076ab00000)
  object space 123904K, 32% used [0x00000006c0000000,0x00000006c27c0140,0x00000006c7900000)
 Metaspace       used 25617K, capacity 25992K, committed 26288K, reserved 1073152K
  class space    used 3001K, capacity 3107K, committed 3248K, reserved 1048576K
}

